*** Using Compiler 'V5.06 update 7 (build 960)', folder: 'D:\soft\keil_5\install\ARM\ARMCC\Bin'
Build target 'XDrive_APP'
compiling gpio.c...
compiling kernel_port.c...
compiling main.c...
compiling spi.c...
compiling adc.c...
compiling dma.c...
compiling usart.c...
compiling tim.c...
compiling hw_elec.c...
compiling uart_mixed.c...
compiling mt6816.c...
compiling encode_cali.c...
compiling motor_control.c...
..\Control\motor_control.c(1005): warning:  #188-D: enumerated type mixed with another type
  			HAL_GPIO_WritePin(GPIOB, GPIO_PIN_1, SET);
..\Control\motor_control.c: 1 warning, 0 errors
compiling signal_port.c...
compiling stockpile_f103cb.c...
compiling Location_Tracker.c...
compiling Speed_Tracker.c...
compiling Current_Tracker.c...
compiling power_detect.c...
compiling Move_Reconstruct.c...
compiling xdrive_ui.c...
compiling button.c...
compiling Location_Interp.c...
compiling ssd1306.c...
compiling loop.c...
compiling loop_it.c...
linking...
Program Size: Code=33316 RO-data=11200 RW-data=116 ZI-data=5076  
FromELF: creating hex file...
After Build - User command #1: fromelf --bin ".\XDrive_APP\XDrive_APP.axf" --output ".\BIN\xdrive_app.bin"
".\XDrive_APP\XDrive_APP.axf" - 0 Error(s), 1 Warning(s).
Build Time Elapsed:  00:00:16
